This file contains any messages produced by compilers while
running configure, to aid debugging if configure makes a mistake.

It was created by configure, which was
generated by GNU Autoconf 2.59.  Invocation command line was

  $ ./configure 

## --------- ##
## Platform. ##
## --------- ##

hostname = henry
uname -m = i686
uname -r = 2.4.26
uname -s = Linux
uname -v = #8 Mon Jun 14 19:09:31 PDT 2004

/usr/bin/uname -p = unknown
/bin/uname -X     = unknown

/bin/arch              = i686
/usr/bin/arch -k       = unknown
/usr/convex/getsysinfo = unknown
hostinfo               = unknown
/bin/machine           = unknown
/usr/bin/oslevel       = unknown
/bin/universe          = unknown

PATH: /usr/local/bin
PATH: /usr/bin
PATH: /bin
PATH: /usr/X11R6/bin
PATH: /usr/games
PATH: /opt/www/htdig/bin
PATH: /usr/lib/java/bin
PATH: /usr/lib/java/jre/bin
PATH: /opt/kde/bin
PATH: /usr/lib/qt/bin
PATH: /usr/share/texmf/bin
PATH: .


## ----------- ##
## Core tests. ##
## ----------- ##

configure:1297: checking for a BSD-compatible install
configure:1352: result: /usr/bin/ginstall -c
configure:1363: checking whether build environment is sane
configure:1406: result: yes
configure:1463: checking for gawk
configure:1479: found /usr/bin/gawk
configure:1489: result: gawk
configure:1499: checking whether make sets $(MAKE)
configure:1519: result: yes
configure:1729: checking for gcc
configure:1745: found /usr/bin/gcc
configure:1755: result: gcc
configure:1999: checking for C compiler version
configure:2002: gcc --version </dev/null >&5
gcc (GCC) 3.3.4
Copyright (C) 2003 Free Software Foundation, Inc.
This is free software; see the source for copying conditions.  There is NO
warranty; not even for MERCHANTABILITY or FITNESS FOR A PARTICULAR PURPOSE.

configure:2005: $? = 0
configure:2007: gcc -v </dev/null >&5
Reading specs from /usr/lib/gcc-lib/i486-slackware-linux/3.3.4/specs
Configured with: ../gcc-3.3.4/configure --prefix=/usr --enable-shared --enable-threads=posix --enable-__cxa_atexit --disable-checking --with-gnu-ld --verbose --target=i486-slackware-linux --host=i486-slackware-linux
Thread model: posix
gcc version 3.3.4
configure:2010: $? = 0
configure:2012: gcc -V </dev/null >&5
gcc: `-V' option must have argument
configure:2015: $? = 1
configure:2038: checking for C compiler default output file name
configure:2041: gcc    conftest.c  >&5
configure:2044: $? = 0
configure:2090: result: a.out
configure:2095: checking whether the C compiler works
configure:2101: ./a.out
configure:2104: $? = 0
configure:2121: result: yes
configure:2128: checking whether we are cross compiling
configure:2130: result: no
configure:2133: checking for suffix of executables
configure:2135: gcc -o conftest    conftest.c  >&5
configure:2138: $? = 0
configure:2163: result: 
configure:2169: checking for suffix of object files
configure:2190: gcc -c   conftest.c >&5
configure:2193: $? = 0
configure:2215: result: o
configure:2219: checking whether we are using the GNU C compiler
configure:2243: gcc -c   conftest.c >&5
configure:2249: $? = 0
configure:2253: test -z 
			 || test ! -s conftest.err
configure:2256: $? = 0
configure:2259: test -s conftest.o
configure:2262: $? = 0
configure:2275: result: yes
configure:2281: checking whether gcc accepts -g
configure:2302: gcc -c -g  conftest.c >&5
configure:2308: $? = 0
configure:2312: test -z 
			 || test ! -s conftest.err
configure:2315: $? = 0
configure:2318: test -s conftest.o
configure:2321: $? = 0
configure:2332: result: yes
configure:2349: checking for gcc option to accept ANSI C
configure:2419: gcc  -c -g -O2  conftest.c >&5
configure:2425: $? = 0
configure:2429: test -z 
			 || test ! -s conftest.err
configure:2432: $? = 0
configure:2435: test -s conftest.o
configure:2438: $? = 0
configure:2456: result: none needed
configure:2474: gcc -c -g -O2  conftest.c >&5
conftest.c:2: error: parse error before "me"
configure:2480: $? = 1
configure: failed program was:
| #ifndef __cplusplus
|   choke me
| #endif
configure:2624: checking for style of include used by make
configure:2652: result: GNU
configure:2680: checking dependency style of gcc
configure:2770: result: gcc3
configure:2800: checking for a BSD-compatible install
configure:2855: result: /usr/bin/ginstall -c
configure:3007: creating ./config.status

## ---------------------- ##
## Running config.status. ##
## ---------------------- ##

This file was extended by config.status, which was
generated by GNU Autoconf 2.59.  Invocation command line was

  CONFIG_FILES    = 
  CONFIG_HEADERS  = 
  CONFIG_LINKS    = 
  CONFIG_COMMANDS = 
  $ ./config.status 

on henry

config.status:678: creating Makefile
config.status:678: creating src/Makefile
config.status:861: executing depfiles commands

## ---------------- ##
## Cache variables. ##
## ---------------- ##

ac_cv_c_compiler_gnu=yes
ac_cv_env_CC_set=
ac_cv_env_CC_value=
ac_cv_env_CFLAGS_set=
ac_cv_env_CFLAGS_value=
ac_cv_env_CPPFLAGS_set=
ac_cv_env_CPPFLAGS_value=
ac_cv_env_LDFLAGS_set=
ac_cv_env_LDFLAGS_value=
ac_cv_env_build_alias_set=
ac_cv_env_build_alias_value=
ac_cv_env_host_alias_set=
ac_cv_env_host_alias_value=
ac_cv_env_target_alias_set=
ac_cv_env_target_alias_value=
ac_cv_exeext=
ac_cv_objext=o
ac_cv_path_install='/usr/bin/ginstall -c'
ac_cv_prog_AWK=gawk
ac_cv_prog_ac_ct_CC=gcc
ac_cv_prog_cc_g=yes
ac_cv_prog_cc_stdc=
ac_cv_prog_make_make_set=yes
am_cv_CC_dependencies_compiler_type=gcc3

## ----------------- ##
## Output variables. ##
## ----------------- ##

ACLOCAL='${SHELL} /home/crizza/code/pwatch/missing --run aclocal-1.8'
AMDEPBACKSLASH='\'
AMDEP_FALSE='#'
AMDEP_TRUE=''
AMTAR='${SHELL} /home/crizza/code/pwatch/missing --run tar'
AUTOCONF='${SHELL} /home/crizza/code/pwatch/missing --run autoconf'
AUTOHEADER='${SHELL} /home/crizza/code/pwatch/missing --run autoheader'
AUTOMAKE='${SHELL} /home/crizza/code/pwatch/missing --run automake-1.8'
AWK='gawk'
CC='gcc'
CCDEPMODE='depmode=gcc3'
CFLAGS='-g -O2'
CPPFLAGS=''
CYGPATH_W='echo'
DEFS='-DPACKAGE_NAME=\"\" -DPACKAGE_TARNAME=\"\" -DPACKAGE_VERSION=\"\" -DPACKAGE_STRING=\"\" -DPACKAGE_BUGREPORT=\"\" -DPACKAGE=\"pwatch\" -DVERSION=\"0.1\" '
DEPDIR='.deps'
ECHO_C=''
ECHO_N='-n'
ECHO_T=''
EXEEXT=''
INSTALL_DATA='${INSTALL} -m 644'
INSTALL_PROGRAM='${INSTALL}'
INSTALL_SCRIPT='${INSTALL}'
INSTALL_STRIP_PROGRAM='${SHELL} $(install_sh) -c -s'
LDFLAGS=''
LIBOBJS=''
LIBS=''
LTLIBOBJS=''
MAKEINFO='${SHELL} /home/crizza/code/pwatch/missing --run makeinfo'
OBJEXT='o'
PACKAGE='pwatch'
PACKAGE_BUGREPORT=''
PACKAGE_NAME=''
PACKAGE_STRING=''
PACKAGE_TARNAME=''
PACKAGE_VERSION=''
PATH_SEPARATOR=':'
SET_MAKE=''
SHELL='/bin/sh'
STRIP=''
VERSION='0.1'
ac_ct_CC='gcc'
ac_ct_STRIP=''
am__fastdepCC_FALSE='#'
am__fastdepCC_TRUE=''
am__include='include'
am__leading_dot='.'
am__quote=''
bindir='${exec_prefix}/bin'
build_alias=''
datadir='${prefix}/share'
exec_prefix='${prefix}'
host_alias=''
includedir='${prefix}/include'
infodir='${prefix}/info'
install_sh='/home/crizza/code/pwatch/install-sh'
libdir='${exec_prefix}/lib'
libexecdir='${exec_prefix}/libexec'
localstatedir='${prefix}/var'
mandir='${prefix}/man'
mkdir_p='mkdir -p -- .'
oldincludedir='/usr/include'
prefix='/usr/local'
program_transform_name='s,x,x,'
sbindir='${exec_prefix}/sbin'
sharedstatedir='${prefix}/com'
sysconfdir='${prefix}/etc'
target_alias=''

## ----------- ##
## confdefs.h. ##
## ----------- ##

#define PACKAGE "pwatch"
#define PACKAGE_BUGREPORT ""
#define PACKAGE_NAME ""
#define PACKAGE_STRING ""
#define PACKAGE_TARNAME ""
#define PACKAGE_VERSION ""
#define VERSION "0.1"

configure: exit 0
